<?xml version="1.0" encoding="UTF-8"?>
<testsuite xmlns:xsi="http://www.w3.org/2001/XMLSchema-instance" xsi:noNamespaceSchemaLocation="https://maven.apache.org/surefire/maven-surefire-plugin/xsd/surefire-test-report.xsd" name="com.example.lab01.controller.web.CustomerControllerTest" time="3.074" tests="10" errors="3" skipped="0" failures="0">
  <properties>
    <property name="gopherProxySet" value="false"/>
    <property name="awt.toolkit" value="sun.lwawt.macosx.LWCToolkit"/>
    <property name="java.specification.version" value="11"/>
    <property name="sun.cpu.isalist" value=""/>
    <property name="sun.jnu.encoding" value="UTF-8"/>
    <property name="java.class.path" value="/usr/local/Proyectos/Galaxy/Devops202101-clientes/target/test-classes:/usr/local/Proyectos/Galaxy/Devops202101-clientes/target/classes:/Users/mzegarra/.m2/repository/org/springframework/boot/spring-boot-starter-web/2.2.1.RELEASE/spring-boot-starter-web-2.2.1.RELEASE.jar:/Users/mzegarra/.m2/repository/org/springframework/boot/spring-boot-starter/2.2.1.RELEASE/spring-boot-starter-2.2.1.RELEASE.jar:/Users/mzegarra/.m2/repository/org/springframework/boot/spring-boot/2.2.1.RELEASE/spring-boot-2.2.1.RELEASE.jar:/Users/mzegarra/.m2/repository/org/springframework/boot/spring-boot-autoconfigure/2.2.1.RELEASE/spring-boot-autoconfigure-2.2.1.RELEASE.jar:/Users/mzegarra/.m2/repository/org/springframework/boot/spring-boot-starter-logging/2.2.1.RELEASE/spring-boot-starter-logging-2.2.1.RELEASE.jar:/Users/mzegarra/.m2/repository/ch/qos/logback/logback-classic/1.2.3/logback-classic-1.2.3.jar:/Users/mzegarra/.m2/repository/ch/qos/logback/logback-core/1.2.3/logback-core-1.2.3.jar:/Users/mzegarra/.m2/repository/org/apache/logging/log4j/log4j-to-slf4j/2.12.1/log4j-to-slf4j-2.12.1.jar:/Users/mzegarra/.m2/repository/org/apache/logging/log4j/log4j-api/2.12.1/log4j-api-2.12.1.jar:/Users/mzegarra/.m2/repository/org/slf4j/jul-to-slf4j/1.7.29/jul-to-slf4j-1.7.29.jar:/Users/mzegarra/.m2/repository/jakarta/annotation/jakarta.annotation-api/1.3.5/jakarta.annotation-api-1.3.5.jar:/Users/mzegarra/.m2/repository/org/yaml/snakeyaml/1.25/snakeyaml-1.25.jar:/Users/mzegarra/.m2/repository/org/springframework/boot/spring-boot-starter-json/2.2.1.RELEASE/spring-boot-starter-json-2.2.1.RELEASE.jar:/Users/mzegarra/.m2/repository/com/fasterxml/jackson/datatype/jackson-datatype-jdk8/2.10.0/jackson-datatype-jdk8-2.10.0.jar:/Users/mzegarra/.m2/repository/com/fasterxml/jackson/datatype/jackson-datatype-jsr310/2.10.0/jackson-datatype-jsr310-2.10.0.jar:/Users/mzegarra/.m2/repository/com/fasterxml/jackson/module/jackson-module-parameter-names/2.10.0/jackson-module-parameter-names-2.10.0.jar:/Users/mzegarra/.m2/repository/org/springframework/boot/spring-boot-starter-tomcat/2.2.1.RELEASE/spring-boot-starter-tomcat-2.2.1.RELEASE.jar:/Users/mzegarra/.m2/repository/org/apache/tomcat/embed/tomcat-embed-core/9.0.27/tomcat-embed-core-9.0.27.jar:/Users/mzegarra/.m2/repository/org/apache/tomcat/embed/tomcat-embed-el/9.0.27/tomcat-embed-el-9.0.27.jar:/Users/mzegarra/.m2/repository/org/apache/tomcat/embed/tomcat-embed-websocket/9.0.27/tomcat-embed-websocket-9.0.27.jar:/Users/mzegarra/.m2/repository/org/springframework/boot/spring-boot-starter-validation/2.2.1.RELEASE/spring-boot-starter-validation-2.2.1.RELEASE.jar:/Users/mzegarra/.m2/repository/jakarta/validation/jakarta.validation-api/2.0.1/jakarta.validation-api-2.0.1.jar:/Users/mzegarra/.m2/repository/org/springframework/spring-web/5.2.1.RELEASE/spring-web-5.2.1.RELEASE.jar:/Users/mzegarra/.m2/repository/org/springframework/spring-beans/5.2.1.RELEASE/spring-beans-5.2.1.RELEASE.jar:/Users/mzegarra/.m2/repository/org/springframework/spring-webmvc/5.2.1.RELEASE/spring-webmvc-5.2.1.RELEASE.jar:/Users/mzegarra/.m2/repository/org/springframework/spring-context/5.2.1.RELEASE/spring-context-5.2.1.RELEASE.jar:/Users/mzegarra/.m2/repository/org/springframework/spring-expression/5.2.1.RELEASE/spring-expression-5.2.1.RELEASE.jar:/Users/mzegarra/.m2/repository/org/springframework/boot/spring-boot-starter-test/2.2.1.RELEASE/spring-boot-starter-test-2.2.1.RELEASE.jar:/Users/mzegarra/.m2/repository/org/springframework/boot/spring-boot-test/2.2.1.RELEASE/spring-boot-test-2.2.1.RELEASE.jar:/Users/mzegarra/.m2/repository/org/springframework/boot/spring-boot-test-autoconfigure/2.2.1.RELEASE/spring-boot-test-autoconfigure-2.2.1.RELEASE.jar:/Users/mzegarra/.m2/repository/com/jayway/jsonpath/json-path/2.4.0/json-path-2.4.0.jar:/Users/mzegarra/.m2/repository/net/minidev/json-smart/2.3/json-smart-2.3.jar:/Users/mzegarra/.m2/repository/net/minidev/accessors-smart/1.2/accessors-smart-1.2.jar:/Users/mzegarra/.m2/repository/org/ow2/asm/asm/5.0.4/asm-5.0.4.jar:/Users/mzegarra/.m2/repository/org/slf4j/slf4j-api/1.7.29/slf4j-api-1.7.29.jar:/Users/mzegarra/.m2/repository/jakarta/xml/bind/jakarta.xml.bind-api/2.3.2/jakarta.xml.bind-api-2.3.2.jar:/Users/mzegarra/.m2/repository/jakarta/activation/jakarta.activation-api/1.2.1/jakarta.activation-api-1.2.1.jar:/Users/mzegarra/.m2/repository/org/junit/jupiter/junit-jupiter/5.5.2/junit-jupiter-5.5.2.jar:/Users/mzegarra/.m2/repository/org/junit/jupiter/junit-jupiter-api/5.5.2/junit-jupiter-api-5.5.2.jar:/Users/mzegarra/.m2/repository/org/apiguardian/apiguardian-api/1.1.0/apiguardian-api-1.1.0.jar:/Users/mzegarra/.m2/repository/org/opentest4j/opentest4j/1.2.0/opentest4j-1.2.0.jar:/Users/mzegarra/.m2/repository/org/junit/platform/junit-platform-commons/1.5.2/junit-platform-commons-1.5.2.jar:/Users/mzegarra/.m2/repository/org/junit/jupiter/junit-jupiter-params/5.5.2/junit-jupiter-params-5.5.2.jar:/Users/mzegarra/.m2/repository/org/junit/jupiter/junit-jupiter-engine/5.5.2/junit-jupiter-engine-5.5.2.jar:/Users/mzegarra/.m2/repository/org/junit/platform/junit-platform-engine/1.5.2/junit-platform-engine-1.5.2.jar:/Users/mzegarra/.m2/repository/org/mockito/mockito-junit-jupiter/3.1.0/mockito-junit-jupiter-3.1.0.jar:/Users/mzegarra/.m2/repository/org/hamcrest/hamcrest/2.1/hamcrest-2.1.jar:/Users/mzegarra/.m2/repository/org/mockito/mockito-core/3.1.0/mockito-core-3.1.0.jar:/Users/mzegarra/.m2/repository/net/bytebuddy/byte-buddy/1.10.2/byte-buddy-1.10.2.jar:/Users/mzegarra/.m2/repository/net/bytebuddy/byte-buddy-agent/1.10.2/byte-buddy-agent-1.10.2.jar:/Users/mzegarra/.m2/repository/org/objenesis/objenesis/2.6/objenesis-2.6.jar:/Users/mzegarra/.m2/repository/org/skyscreamer/jsonassert/1.5.0/jsonassert-1.5.0.jar:/Users/mzegarra/.m2/repository/com/vaadin/external/google/android-json/0.0.20131108.vaadin1/android-json-0.0.20131108.vaadin1.jar:/Users/mzegarra/.m2/repository/org/springframework/spring-core/5.2.1.RELEASE/spring-core-5.2.1.RELEASE.jar:/Users/mzegarra/.m2/repository/org/springframework/spring-jcl/5.2.1.RELEASE/spring-jcl-5.2.1.RELEASE.jar:/Users/mzegarra/.m2/repository/org/springframework/spring-test/5.2.1.RELEASE/spring-test-5.2.1.RELEASE.jar:/Users/mzegarra/.m2/repository/org/xmlunit/xmlunit-core/2.6.3/xmlunit-core-2.6.3.jar:/Users/mzegarra/.m2/repository/org/apache/commons/commons-text/1.8/commons-text-1.8.jar:/Users/mzegarra/.m2/repository/org/assertj/assertj-core/3.14.0/assertj-core-3.14.0.jar:/Users/mzegarra/.m2/repository/org/hibernate/validator/hibernate-validator/6.0.17.Final/hibernate-validator-6.0.17.Final.jar:/Users/mzegarra/.m2/repository/javax/validation/validation-api/2.0.1.Final/validation-api-2.0.1.Final.jar:/Users/mzegarra/.m2/repository/org/jboss/logging/jboss-logging/3.4.1.Final/jboss-logging-3.4.1.Final.jar:/Users/mzegarra/.m2/repository/com/fasterxml/classmate/1.5.1/classmate-1.5.1.jar:/Users/mzegarra/.m2/repository/org/springframework/boot/spring-boot-starter-jdbc/2.2.1.RELEASE/spring-boot-starter-jdbc-2.2.1.RELEASE.jar:/Users/mzegarra/.m2/repository/com/zaxxer/HikariCP/3.4.1/HikariCP-3.4.1.jar:/Users/mzegarra/.m2/repository/org/springframework/spring-jdbc/5.2.1.RELEASE/spring-jdbc-5.2.1.RELEASE.jar:/Users/mzegarra/.m2/repository/org/springframework/spring-tx/5.2.1.RELEASE/spring-tx-5.2.1.RELEASE.jar:/Users/mzegarra/.m2/repository/mysql/mysql-connector-java/8.0.18/mysql-connector-java-8.0.18.jar:/Users/mzegarra/.m2/repository/org/flywaydb/flyway-core/6.1.0/flyway-core-6.1.0.jar:/Users/mzegarra/.m2/repository/org/springframework/boot/spring-boot-starter-amqp/2.2.1.RELEASE/spring-boot-starter-amqp-2.2.1.RELEASE.jar:/Users/mzegarra/.m2/repository/org/springframework/spring-messaging/5.2.1.RELEASE/spring-messaging-5.2.1.RELEASE.jar:/Users/mzegarra/.m2/repository/org/springframework/amqp/spring-rabbit/2.2.1.RELEASE/spring-rabbit-2.2.1.RELEASE.jar:/Users/mzegarra/.m2/repository/com/rabbitmq/amqp-client/5.7.3/amqp-client-5.7.3.jar:/Users/mzegarra/.m2/repository/org/springframework/amqp/spring-amqp/2.2.1.RELEASE/spring-amqp-2.2.1.RELEASE.jar:/Users/mzegarra/.m2/repository/org/apache/commons/commons-lang3/3.9/commons-lang3-3.9.jar:/Users/mzegarra/.m2/repository/org/springframework/cloud/spring-cloud-starter-config/2.2.0.RELEASE/spring-cloud-starter-config-2.2.0.RELEASE.jar:/Users/mzegarra/.m2/repository/org/springframework/cloud/spring-cloud-starter/2.2.0.RELEASE/spring-cloud-starter-2.2.0.RELEASE.jar:/Users/mzegarra/.m2/repository/org/springframework/cloud/spring-cloud-context/2.2.0.RELEASE/spring-cloud-context-2.2.0.RELEASE.jar:/Users/mzegarra/.m2/repository/org/springframework/security/spring-security-crypto/5.2.1.RELEASE/spring-security-crypto-5.2.1.RELEASE.jar:/Users/mzegarra/.m2/repository/org/springframework/cloud/spring-cloud-commons/2.2.0.RELEASE/spring-cloud-commons-2.2.0.RELEASE.jar:/Users/mzegarra/.m2/repository/org/springframework/security/spring-security-rsa/1.0.7.RELEASE/spring-security-rsa-1.0.7.RELEASE.jar:/Users/mzegarra/.m2/repository/org/bouncycastle/bcpkix-jdk15on/1.60/bcpkix-jdk15on-1.60.jar:/Users/mzegarra/.m2/repository/org/bouncycastle/bcprov-jdk15on/1.60/bcprov-jdk15on-1.60.jar:/Users/mzegarra/.m2/repository/org/springframework/cloud/spring-cloud-config-client/2.2.0.RELEASE/spring-cloud-config-client-2.2.0.RELEASE.jar:/Users/mzegarra/.m2/repository/com/fasterxml/jackson/core/jackson-annotations/2.10.0/jackson-annotations-2.10.0.jar:/Users/mzegarra/.m2/repository/com/fasterxml/jackson/core/jackson-databind/2.10.0/jackson-databind-2.10.0.jar:/Users/mzegarra/.m2/repository/com/fasterxml/jackson/core/jackson-core/2.10.0/jackson-core-2.10.0.jar:/Users/mzegarra/.m2/repository/org/springframework/boot/spring-boot-starter-aop/2.2.1.RELEASE/spring-boot-starter-aop-2.2.1.RELEASE.jar:/Users/mzegarra/.m2/repository/org/springframework/spring-aop/5.2.1.RELEASE/spring-aop-5.2.1.RELEASE.jar:/Users/mzegarra/.m2/repository/org/aspectj/aspectjweaver/1.9.4/aspectjweaver-1.9.4.jar:/Users/mzegarra/.m2/repository/org/springframework/retry/spring-retry/1.2.4.RELEASE/spring-retry-1.2.4.RELEASE.jar:/Users/mzegarra/.m2/repository/org/springframework/boot/spring-boot-starter-actuator/2.2.1.RELEASE/spring-boot-starter-actuator-2.2.1.RELEASE.jar:/Users/mzegarra/.m2/repository/org/springframework/boot/spring-boot-actuator-autoconfigure/2.2.1.RELEASE/spring-boot-actuator-autoconfigure-2.2.1.RELEASE.jar:/Users/mzegarra/.m2/repository/org/springframework/boot/spring-boot-actuator/2.2.1.RELEASE/spring-boot-actuator-2.2.1.RELEASE.jar:/Users/mzegarra/.m2/repository/io/micrometer/micrometer-core/1.3.1/micrometer-core-1.3.1.jar:/Users/mzegarra/.m2/repository/org/hdrhistogram/HdrHistogram/2.1.11/HdrHistogram-2.1.11.jar:/Users/mzegarra/.m2/repository/org/latencyutils/LatencyUtils/2.0.3/LatencyUtils-2.0.3.jar:/Users/mzegarra/.m2/repository/io/micrometer/micrometer-registry-prometheus/1.3.3/micrometer-registry-prometheus-1.3.3.jar:/Users/mzegarra/.m2/repository/io/prometheus/simpleclient_common/0.7.0/simpleclient_common-0.7.0.jar:/Users/mzegarra/.m2/repository/io/prometheus/simpleclient/0.7.0/simpleclient-0.7.0.jar:/Users/mzegarra/.m2/repository/io/opentracing/contrib/opentracing-spring-jaeger-cloud-starter/2.0.3/opentracing-spring-jaeger-cloud-starter-2.0.3.jar:/Users/mzegarra/.m2/repository/io/opentracing/contrib/opentracing-spring-jaeger-starter/2.0.3/opentracing-spring-jaeger-starter-2.0.3.jar:/Users/mzegarra/.m2/repository/io/opentracing/contrib/opentracing-spring-tracer-configuration-starter/0.2.0/opentracing-spring-tracer-configuration-starter-0.2.0.jar:/Users/mzegarra/.m2/repository/io/opentracing/opentracing-noop/0.32.0/opentracing-noop-0.32.0.jar:/Users/mzegarra/.m2/repository/io/opentracing/opentracing-util/0.32.0/opentracing-util-0.32.0.jar:/Users/mzegarra/.m2/repository/io/jaegertracing/jaeger-client/0.35.1/jaeger-client-0.35.1.jar:/Users/mzegarra/.m2/repository/io/jaegertracing/jaeger-thrift/0.35.1/jaeger-thrift-0.35.1.jar:/Users/mzegarra/.m2/repository/org/apache/thrift/libthrift/0.12.0/libthrift-0.12.0.jar:/Users/mzegarra/.m2/repository/com/squareup/okhttp3/okhttp/3.14.4/okhttp-3.14.4.jar:/Users/mzegarra/.m2/repository/com/squareup/okio/okio/1.17.2/okio-1.17.2.jar:/Users/mzegarra/.m2/repository/io/jaegertracing/jaeger-core/0.35.1/jaeger-core-0.35.1.jar:/Users/mzegarra/.m2/repository/com/google/code/gson/gson/2.8.6/gson-2.8.6.jar:/Users/mzegarra/.m2/repository/io/jaegertracing/jaeger-tracerresolver/0.35.1/jaeger-tracerresolver-0.35.1.jar:/Users/mzegarra/.m2/repository/io/opentracing/contrib/opentracing-spring-cloud-starter/0.4.0/opentracing-spring-cloud-starter-0.4.0.jar:/Users/mzegarra/.m2/repository/io/opentracing/contrib/opentracing-spring-cloud-core/0.4.0/opentracing-spring-cloud-core-0.4.0.jar:/Users/mzegarra/.m2/repository/io/opentracing/contrib/opentracing-concurrent/0.3.0/opentracing-concurrent-0.3.0.jar:/Users/mzegarra/.m2/repository/io/opentracing/contrib/opentracing-spring-web-starter/2.1.1/opentracing-spring-web-starter-2.1.1.jar:/Users/mzegarra/.m2/repository/io/opentracing/contrib/opentracing-spring-web/2.1.1/opentracing-spring-web-2.1.1.jar:/Users/mzegarra/.m2/repository/io/opentracing/contrib/opentracing-web-servlet-filter/0.3.0/opentracing-web-servlet-filter-0.3.0.jar:/Users/mzegarra/.m2/repository/io/opentracing/contrib/opentracing-tracerresolver/0.1.6/opentracing-tracerresolver-0.1.6.jar:/Users/mzegarra/.m2/repository/io/opentracing/contrib/opentracing-spring-messaging-starter/0.1.2/opentracing-spring-messaging-starter-0.1.2.jar:/Users/mzegarra/.m2/repository/io/opentracing/contrib/opentracing-spring-messaging/0.1.2/opentracing-spring-messaging-0.1.2.jar:/Users/mzegarra/.m2/repository/io/opentracing/contrib/opentracing-spring-rabbitmq-starter/2.0.5/opentracing-spring-rabbitmq-starter-2.0.5.jar:/Users/mzegarra/.m2/repository/io/opentracing/contrib/opentracing-spring-rabbitmq/2.0.5/opentracing-spring-rabbitmq-2.0.5.jar:/Users/mzegarra/.m2/repository/io/opentracing/contrib/opentracing-spring-cloud-jdbc-starter/0.4.0/opentracing-spring-cloud-jdbc-starter-0.4.0.jar:/Users/mzegarra/.m2/repository/io/opentracing/contrib/opentracing-jdbc/0.1.1/opentracing-jdbc-0.1.1.jar:/Users/mzegarra/.m2/repository/io/opentracing/contrib/opentracing-spring-cloud-jms-starter/0.4.0/opentracing-spring-cloud-jms-starter-0.4.0.jar:/Users/mzegarra/.m2/repository/io/opentracing/contrib/opentracing-jms-spring/0.1.0/opentracing-jms-spring-0.1.0.jar:/Users/mzegarra/.m2/repository/io/opentracing/contrib/opentracing-jms-1/0.1.0/opentracing-jms-1-0.1.0.jar:/Users/mzegarra/.m2/repository/io/opentracing/contrib/opentracing-jms-common/0.1.0/opentracing-jms-common-0.1.0.jar:/Users/mzegarra/.m2/repository/io/opentracing/contrib/opentracing-spring-cloud-feign-starter/0.4.0/opentracing-spring-cloud-feign-starter-0.4.0.jar:/Users/mzegarra/.m2/repository/io/github/openfeign/opentracing/feign-opentracing/0.3.0/feign-opentracing-0.3.0.jar:/Users/mzegarra/.m2/repository/io/github/openfeign/opentracing/feign-hystrix-opentracing/0.3.0/feign-hystrix-opentracing-0.3.0.jar:/Users/mzegarra/.m2/repository/io/opentracing/contrib/opentracing-spring-cloud-hystrix-starter/0.4.0/opentracing-spring-cloud-hystrix-starter-0.4.0.jar:/Users/mzegarra/.m2/repository/io/opentracing/contrib/opentracing-spring-cloud-reactor-starter/0.4.0/opentracing-spring-cloud-reactor-starter-0.4.0.jar:/Users/mzegarra/.m2/repository/io/opentracing/contrib/opentracing-reactor/0.1.0/opentracing-reactor-0.1.0.jar:/Users/mzegarra/.m2/repository/io/opentracing/contrib/opentracing-spring-cloud-rxjava-starter/0.4.0/opentracing-spring-cloud-rxjava-starter-0.4.0.jar:/Users/mzegarra/.m2/repository/io/opentracing/contrib/opentracing-rxjava-1/0.1.0/opentracing-rxjava-1-0.1.0.jar:/Users/mzegarra/.m2/repository/io/opentracing/contrib/opentracing-spring-cloud-redis-starter/0.4.0/opentracing-spring-cloud-redis-starter-0.4.0.jar:/Users/mzegarra/.m2/repository/io/opentracing/contrib/opentracing-redis-spring-data2/0.1.8/opentracing-redis-spring-data2-0.1.8.jar:/Users/mzegarra/.m2/repository/io/opentracing/contrib/opentracing-redis-common/0.1.8/opentracing-redis-common-0.1.8.jar:/Users/mzegarra/.m2/repository/io/opentracing/contrib/opentracing-spring-cloud-mongo-starter/0.4.0/opentracing-spring-cloud-mongo-starter-0.4.0.jar:/Users/mzegarra/.m2/repository/io/opentracing/contrib/opentracing-mongo-driver/0.1.2/opentracing-mongo-driver-0.1.2.jar:/Users/mzegarra/.m2/repository/io/opentracing/contrib/opentracing-mongo-common/0.1.2/opentracing-mongo-common-0.1.2.jar:/Users/mzegarra/.m2/repository/io/opentracing/contrib/opentracing-spring-cloud-websocket-starter/0.4.0/opentracing-spring-cloud-websocket-starter-0.4.0.jar:/Users/mzegarra/.m2/repository/io/opentracing/contrib/opentracing-spring-cloud-zuul-starter/0.4.0/opentracing-spring-cloud-zuul-starter-0.4.0.jar:/Users/mzegarra/.m2/repository/io/opentracing/contrib/opentracing-spring-cloud-gateway-starter/0.4.0/opentracing-spring-cloud-gateway-starter-0.4.0.jar:/Users/mzegarra/.m2/repository/io/opentracing/opentracing-api/0.32.0/opentracing-api-0.32.0.jar:"/>
    <property name="java.vm.vendor" value="AdoptOpenJDK"/>
    <property name="sun.arch.data.model" value="64"/>
    <property name="java.vendor.url" value="https://adoptopenjdk.net/"/>
    <property name="user.timezone" value=""/>
    <property name="java.vm.specification.version" value="11"/>
    <property name="os.name" value="Mac OS X"/>
    <property name="sun.java.launcher" value="SUN_STANDARD"/>
    <property name="user.country" value="PE"/>
    <property name="sun.boot.library.path" value="/Library/Java/JavaVirtualMachines/adoptopenjdk-11.jdk/Contents/Home/lib"/>
    <property name="sun.java.command" value="/usr/local/Proyectos/Galaxy/Devops202101-clientes/target/surefire/surefirebooter7873767084805350635.jar /usr/local/Proyectos/Galaxy/Devops202101-clientes/target/surefire 2021-02-06T02-22-57_905-jvmRun1 surefire13611378477505204476tmp surefire_03177148064057779262tmp"/>
    <property name="http.nonProxyHosts" value="local|*.local|169.254/16|*.169.254/16"/>
    <property name="jdk.debug" value="release"/>
    <property name="surefire.test.class.path" value="/usr/local/Proyectos/Galaxy/Devops202101-clientes/target/test-classes:/usr/local/Proyectos/Galaxy/Devops202101-clientes/target/classes:/Users/mzegarra/.m2/repository/org/springframework/boot/spring-boot-starter-web/2.2.1.RELEASE/spring-boot-starter-web-2.2.1.RELEASE.jar:/Users/mzegarra/.m2/repository/org/springframework/boot/spring-boot-starter/2.2.1.RELEASE/spring-boot-starter-2.2.1.RELEASE.jar:/Users/mzegarra/.m2/repository/org/springframework/boot/spring-boot/2.2.1.RELEASE/spring-boot-2.2.1.RELEASE.jar:/Users/mzegarra/.m2/repository/org/springframework/boot/spring-boot-autoconfigure/2.2.1.RELEASE/spring-boot-autoconfigure-2.2.1.RELEASE.jar:/Users/mzegarra/.m2/repository/org/springframework/boot/spring-boot-starter-logging/2.2.1.RELEASE/spring-boot-starter-logging-2.2.1.RELEASE.jar:/Users/mzegarra/.m2/repository/ch/qos/logback/logback-classic/1.2.3/logback-classic-1.2.3.jar:/Users/mzegarra/.m2/repository/ch/qos/logback/logback-core/1.2.3/logback-core-1.2.3.jar:/Users/mzegarra/.m2/repository/org/apache/logging/log4j/log4j-to-slf4j/2.12.1/log4j-to-slf4j-2.12.1.jar:/Users/mzegarra/.m2/repository/org/apache/logging/log4j/log4j-api/2.12.1/log4j-api-2.12.1.jar:/Users/mzegarra/.m2/repository/org/slf4j/jul-to-slf4j/1.7.29/jul-to-slf4j-1.7.29.jar:/Users/mzegarra/.m2/repository/jakarta/annotation/jakarta.annotation-api/1.3.5/jakarta.annotation-api-1.3.5.jar:/Users/mzegarra/.m2/repository/org/yaml/snakeyaml/1.25/snakeyaml-1.25.jar:/Users/mzegarra/.m2/repository/org/springframework/boot/spring-boot-starter-json/2.2.1.RELEASE/spring-boot-starter-json-2.2.1.RELEASE.jar:/Users/mzegarra/.m2/repository/com/fasterxml/jackson/datatype/jackson-datatype-jdk8/2.10.0/jackson-datatype-jdk8-2.10.0.jar:/Users/mzegarra/.m2/repository/com/fasterxml/jackson/datatype/jackson-datatype-jsr310/2.10.0/jackson-datatype-jsr310-2.10.0.jar:/Users/mzegarra/.m2/repository/com/fasterxml/jackson/module/jackson-module-parameter-names/2.10.0/jackson-module-parameter-names-2.10.0.jar:/Users/mzegarra/.m2/repository/org/springframework/boot/spring-boot-starter-tomcat/2.2.1.RELEASE/spring-boot-starter-tomcat-2.2.1.RELEASE.jar:/Users/mzegarra/.m2/repository/org/apache/tomcat/embed/tomcat-embed-core/9.0.27/tomcat-embed-core-9.0.27.jar:/Users/mzegarra/.m2/repository/org/apache/tomcat/embed/tomcat-embed-el/9.0.27/tomcat-embed-el-9.0.27.jar:/Users/mzegarra/.m2/repository/org/apache/tomcat/embed/tomcat-embed-websocket/9.0.27/tomcat-embed-websocket-9.0.27.jar:/Users/mzegarra/.m2/repository/org/springframework/boot/spring-boot-starter-validation/2.2.1.RELEASE/spring-boot-starter-validation-2.2.1.RELEASE.jar:/Users/mzegarra/.m2/repository/jakarta/validation/jakarta.validation-api/2.0.1/jakarta.validation-api-2.0.1.jar:/Users/mzegarra/.m2/repository/org/springframework/spring-web/5.2.1.RELEASE/spring-web-5.2.1.RELEASE.jar:/Users/mzegarra/.m2/repository/org/springframework/spring-beans/5.2.1.RELEASE/spring-beans-5.2.1.RELEASE.jar:/Users/mzegarra/.m2/repository/org/springframework/spring-webmvc/5.2.1.RELEASE/spring-webmvc-5.2.1.RELEASE.jar:/Users/mzegarra/.m2/repository/org/springframework/spring-context/5.2.1.RELEASE/spring-context-5.2.1.RELEASE.jar:/Users/mzegarra/.m2/repository/org/springframework/spring-expression/5.2.1.RELEASE/spring-expression-5.2.1.RELEASE.jar:/Users/mzegarra/.m2/repository/org/springframework/boot/spring-boot-starter-test/2.2.1.RELEASE/spring-boot-starter-test-2.2.1.RELEASE.jar:/Users/mzegarra/.m2/repository/org/springframework/boot/spring-boot-test/2.2.1.RELEASE/spring-boot-test-2.2.1.RELEASE.jar:/Users/mzegarra/.m2/repository/org/springframework/boot/spring-boot-test-autoconfigure/2.2.1.RELEASE/spring-boot-test-autoconfigure-2.2.1.RELEASE.jar:/Users/mzegarra/.m2/repository/com/jayway/jsonpath/json-path/2.4.0/json-path-2.4.0.jar:/Users/mzegarra/.m2/repository/net/minidev/json-smart/2.3/json-smart-2.3.jar:/Users/mzegarra/.m2/repository/net/minidev/accessors-smart/1.2/accessors-smart-1.2.jar:/Users/mzegarra/.m2/repository/org/ow2/asm/asm/5.0.4/asm-5.0.4.jar:/Users/mzegarra/.m2/repository/org/slf4j/slf4j-api/1.7.29/slf4j-api-1.7.29.jar:/Users/mzegarra/.m2/repository/jakarta/xml/bind/jakarta.xml.bind-api/2.3.2/jakarta.xml.bind-api-2.3.2.jar:/Users/mzegarra/.m2/repository/jakarta/activation/jakarta.activation-api/1.2.1/jakarta.activation-api-1.2.1.jar:/Users/mzegarra/.m2/repository/org/junit/jupiter/junit-jupiter/5.5.2/junit-jupiter-5.5.2.jar:/Users/mzegarra/.m2/repository/org/junit/jupiter/junit-jupiter-api/5.5.2/junit-jupiter-api-5.5.2.jar:/Users/mzegarra/.m2/repository/org/apiguardian/apiguardian-api/1.1.0/apiguardian-api-1.1.0.jar:/Users/mzegarra/.m2/repository/org/opentest4j/opentest4j/1.2.0/opentest4j-1.2.0.jar:/Users/mzegarra/.m2/repository/org/junit/platform/junit-platform-commons/1.5.2/junit-platform-commons-1.5.2.jar:/Users/mzegarra/.m2/repository/org/junit/jupiter/junit-jupiter-params/5.5.2/junit-jupiter-params-5.5.2.jar:/Users/mzegarra/.m2/repository/org/junit/jupiter/junit-jupiter-engine/5.5.2/junit-jupiter-engine-5.5.2.jar:/Users/mzegarra/.m2/repository/org/junit/platform/junit-platform-engine/1.5.2/junit-platform-engine-1.5.2.jar:/Users/mzegarra/.m2/repository/org/mockito/mockito-junit-jupiter/3.1.0/mockito-junit-jupiter-3.1.0.jar:/Users/mzegarra/.m2/repository/org/hamcrest/hamcrest/2.1/hamcrest-2.1.jar:/Users/mzegarra/.m2/repository/org/mockito/mockito-core/3.1.0/mockito-core-3.1.0.jar:/Users/mzegarra/.m2/repository/net/bytebuddy/byte-buddy/1.10.2/byte-buddy-1.10.2.jar:/Users/mzegarra/.m2/repository/net/bytebuddy/byte-buddy-agent/1.10.2/byte-buddy-agent-1.10.2.jar:/Users/mzegarra/.m2/repository/org/objenesis/objenesis/2.6/objenesis-2.6.jar:/Users/mzegarra/.m2/repository/org/skyscreamer/jsonassert/1.5.0/jsonassert-1.5.0.jar:/Users/mzegarra/.m2/repository/com/vaadin/external/google/android-json/0.0.20131108.vaadin1/android-json-0.0.20131108.vaadin1.jar:/Users/mzegarra/.m2/repository/org/springframework/spring-core/5.2.1.RELEASE/spring-core-5.2.1.RELEASE.jar:/Users/mzegarra/.m2/repository/org/springframework/spring-jcl/5.2.1.RELEASE/spring-jcl-5.2.1.RELEASE.jar:/Users/mzegarra/.m2/repository/org/springframework/spring-test/5.2.1.RELEASE/spring-test-5.2.1.RELEASE.jar:/Users/mzegarra/.m2/repository/org/xmlunit/xmlunit-core/2.6.3/xmlunit-core-2.6.3.jar:/Users/mzegarra/.m2/repository/org/apache/commons/commons-text/1.8/commons-text-1.8.jar:/Users/mzegarra/.m2/repository/org/assertj/assertj-core/3.14.0/assertj-core-3.14.0.jar:/Users/mzegarra/.m2/repository/org/hibernate/validator/hibernate-validator/6.0.17.Final/hibernate-validator-6.0.17.Final.jar:/Users/mzegarra/.m2/repository/javax/validation/validation-api/2.0.1.Final/validation-api-2.0.1.Final.jar:/Users/mzegarra/.m2/repository/org/jboss/logging/jboss-logging/3.4.1.Final/jboss-logging-3.4.1.Final.jar:/Users/mzegarra/.m2/repository/com/fasterxml/classmate/1.5.1/classmate-1.5.1.jar:/Users/mzegarra/.m2/repository/org/springframework/boot/spring-boot-starter-jdbc/2.2.1.RELEASE/spring-boot-starter-jdbc-2.2.1.RELEASE.jar:/Users/mzegarra/.m2/repository/com/zaxxer/HikariCP/3.4.1/HikariCP-3.4.1.jar:/Users/mzegarra/.m2/repository/org/springframework/spring-jdbc/5.2.1.RELEASE/spring-jdbc-5.2.1.RELEASE.jar:/Users/mzegarra/.m2/repository/org/springframework/spring-tx/5.2.1.RELEASE/spring-tx-5.2.1.RELEASE.jar:/Users/mzegarra/.m2/repository/mysql/mysql-connector-java/8.0.18/mysql-connector-java-8.0.18.jar:/Users/mzegarra/.m2/repository/org/flywaydb/flyway-core/6.1.0/flyway-core-6.1.0.jar:/Users/mzegarra/.m2/repository/org/springframework/boot/spring-boot-starter-amqp/2.2.1.RELEASE/spring-boot-starter-amqp-2.2.1.RELEASE.jar:/Users/mzegarra/.m2/repository/org/springframework/spring-messaging/5.2.1.RELEASE/spring-messaging-5.2.1.RELEASE.jar:/Users/mzegarra/.m2/repository/org/springframework/amqp/spring-rabbit/2.2.1.RELEASE/spring-rabbit-2.2.1.RELEASE.jar:/Users/mzegarra/.m2/repository/com/rabbitmq/amqp-client/5.7.3/amqp-client-5.7.3.jar:/Users/mzegarra/.m2/repository/org/springframework/amqp/spring-amqp/2.2.1.RELEASE/spring-amqp-2.2.1.RELEASE.jar:/Users/mzegarra/.m2/repository/org/apache/commons/commons-lang3/3.9/commons-lang3-3.9.jar:/Users/mzegarra/.m2/repository/org/springframework/cloud/spring-cloud-starter-config/2.2.0.RELEASE/spring-cloud-starter-config-2.2.0.RELEASE.jar:/Users/mzegarra/.m2/repository/org/springframework/cloud/spring-cloud-starter/2.2.0.RELEASE/spring-cloud-starter-2.2.0.RELEASE.jar:/Users/mzegarra/.m2/repository/org/springframework/cloud/spring-cloud-context/2.2.0.RELEASE/spring-cloud-context-2.2.0.RELEASE.jar:/Users/mzegarra/.m2/repository/org/springframework/security/spring-security-crypto/5.2.1.RELEASE/spring-security-crypto-5.2.1.RELEASE.jar:/Users/mzegarra/.m2/repository/org/springframework/cloud/spring-cloud-commons/2.2.0.RELEASE/spring-cloud-commons-2.2.0.RELEASE.jar:/Users/mzegarra/.m2/repository/org/springframework/security/spring-security-rsa/1.0.7.RELEASE/spring-security-rsa-1.0.7.RELEASE.jar:/Users/mzegarra/.m2/repository/org/bouncycastle/bcpkix-jdk15on/1.60/bcpkix-jdk15on-1.60.jar:/Users/mzegarra/.m2/repository/org/bouncycastle/bcprov-jdk15on/1.60/bcprov-jdk15on-1.60.jar:/Users/mzegarra/.m2/repository/org/springframework/cloud/spring-cloud-config-client/2.2.0.RELEASE/spring-cloud-config-client-2.2.0.RELEASE.jar:/Users/mzegarra/.m2/repository/com/fasterxml/jackson/core/jackson-annotations/2.10.0/jackson-annotations-2.10.0.jar:/Users/mzegarra/.m2/repository/com/fasterxml/jackson/core/jackson-databind/2.10.0/jackson-databind-2.10.0.jar:/Users/mzegarra/.m2/repository/com/fasterxml/jackson/core/jackson-core/2.10.0/jackson-core-2.10.0.jar:/Users/mzegarra/.m2/repository/org/springframework/boot/spring-boot-starter-aop/2.2.1.RELEASE/spring-boot-starter-aop-2.2.1.RELEASE.jar:/Users/mzegarra/.m2/repository/org/springframework/spring-aop/5.2.1.RELEASE/spring-aop-5.2.1.RELEASE.jar:/Users/mzegarra/.m2/repository/org/aspectj/aspectjweaver/1.9.4/aspectjweaver-1.9.4.jar:/Users/mzegarra/.m2/repository/org/springframework/retry/spring-retry/1.2.4.RELEASE/spring-retry-1.2.4.RELEASE.jar:/Users/mzegarra/.m2/repository/org/springframework/boot/spring-boot-starter-actuator/2.2.1.RELEASE/spring-boot-starter-actuator-2.2.1.RELEASE.jar:/Users/mzegarra/.m2/repository/org/springframework/boot/spring-boot-actuator-autoconfigure/2.2.1.RELEASE/spring-boot-actuator-autoconfigure-2.2.1.RELEASE.jar:/Users/mzegarra/.m2/repository/org/springframework/boot/spring-boot-actuator/2.2.1.RELEASE/spring-boot-actuator-2.2.1.RELEASE.jar:/Users/mzegarra/.m2/repository/io/micrometer/micrometer-core/1.3.1/micrometer-core-1.3.1.jar:/Users/mzegarra/.m2/repository/org/hdrhistogram/HdrHistogram/2.1.11/HdrHistogram-2.1.11.jar:/Users/mzegarra/.m2/repository/org/latencyutils/LatencyUtils/2.0.3/LatencyUtils-2.0.3.jar:/Users/mzegarra/.m2/repository/io/micrometer/micrometer-registry-prometheus/1.3.3/micrometer-registry-prometheus-1.3.3.jar:/Users/mzegarra/.m2/repository/io/prometheus/simpleclient_common/0.7.0/simpleclient_common-0.7.0.jar:/Users/mzegarra/.m2/repository/io/prometheus/simpleclient/0.7.0/simpleclient-0.7.0.jar:/Users/mzegarra/.m2/repository/io/opentracing/contrib/opentracing-spring-jaeger-cloud-starter/2.0.3/opentracing-spring-jaeger-cloud-starter-2.0.3.jar:/Users/mzegarra/.m2/repository/io/opentracing/contrib/opentracing-spring-jaeger-starter/2.0.3/opentracing-spring-jaeger-starter-2.0.3.jar:/Users/mzegarra/.m2/repository/io/opentracing/contrib/opentracing-spring-tracer-configuration-starter/0.2.0/opentracing-spring-tracer-configuration-starter-0.2.0.jar:/Users/mzegarra/.m2/repository/io/opentracing/opentracing-noop/0.32.0/opentracing-noop-0.32.0.jar:/Users/mzegarra/.m2/repository/io/opentracing/opentracing-util/0.32.0/opentracing-util-0.32.0.jar:/Users/mzegarra/.m2/repository/io/jaegertracing/jaeger-client/0.35.1/jaeger-client-0.35.1.jar:/Users/mzegarra/.m2/repository/io/jaegertracing/jaeger-thrift/0.35.1/jaeger-thrift-0.35.1.jar:/Users/mzegarra/.m2/repository/org/apache/thrift/libthrift/0.12.0/libthrift-0.12.0.jar:/Users/mzegarra/.m2/repository/com/squareup/okhttp3/okhttp/3.14.4/okhttp-3.14.4.jar:/Users/mzegarra/.m2/repository/com/squareup/okio/okio/1.17.2/okio-1.17.2.jar:/Users/mzegarra/.m2/repository/io/jaegertracing/jaeger-core/0.35.1/jaeger-core-0.35.1.jar:/Users/mzegarra/.m2/repository/com/google/code/gson/gson/2.8.6/gson-2.8.6.jar:/Users/mzegarra/.m2/repository/io/jaegertracing/jaeger-tracerresolver/0.35.1/jaeger-tracerresolver-0.35.1.jar:/Users/mzegarra/.m2/repository/io/opentracing/contrib/opentracing-spring-cloud-starter/0.4.0/opentracing-spring-cloud-starter-0.4.0.jar:/Users/mzegarra/.m2/repository/io/opentracing/contrib/opentracing-spring-cloud-core/0.4.0/opentracing-spring-cloud-core-0.4.0.jar:/Users/mzegarra/.m2/repository/io/opentracing/contrib/opentracing-concurrent/0.3.0/opentracing-concurrent-0.3.0.jar:/Users/mzegarra/.m2/repository/io/opentracing/contrib/opentracing-spring-web-starter/2.1.1/opentracing-spring-web-starter-2.1.1.jar:/Users/mzegarra/.m2/repository/io/opentracing/contrib/opentracing-spring-web/2.1.1/opentracing-spring-web-2.1.1.jar:/Users/mzegarra/.m2/repository/io/opentracing/contrib/opentracing-web-servlet-filter/0.3.0/opentracing-web-servlet-filter-0.3.0.jar:/Users/mzegarra/.m2/repository/io/opentracing/contrib/opentracing-tracerresolver/0.1.6/opentracing-tracerresolver-0.1.6.jar:/Users/mzegarra/.m2/repository/io/opentracing/contrib/opentracing-spring-messaging-starter/0.1.2/opentracing-spring-messaging-starter-0.1.2.jar:/Users/mzegarra/.m2/repository/io/opentracing/contrib/opentracing-spring-messaging/0.1.2/opentracing-spring-messaging-0.1.2.jar:/Users/mzegarra/.m2/repository/io/opentracing/contrib/opentracing-spring-rabbitmq-starter/2.0.5/opentracing-spring-rabbitmq-starter-2.0.5.jar:/Users/mzegarra/.m2/repository/io/opentracing/contrib/opentracing-spring-rabbitmq/2.0.5/opentracing-spring-rabbitmq-2.0.5.jar:/Users/mzegarra/.m2/repository/io/opentracing/contrib/opentracing-spring-cloud-jdbc-starter/0.4.0/opentracing-spring-cloud-jdbc-starter-0.4.0.jar:/Users/mzegarra/.m2/repository/io/opentracing/contrib/opentracing-jdbc/0.1.1/opentracing-jdbc-0.1.1.jar:/Users/mzegarra/.m2/repository/io/opentracing/contrib/opentracing-spring-cloud-jms-starter/0.4.0/opentracing-spring-cloud-jms-starter-0.4.0.jar:/Users/mzegarra/.m2/repository/io/opentracing/contrib/opentracing-jms-spring/0.1.0/opentracing-jms-spring-0.1.0.jar:/Users/mzegarra/.m2/repository/io/opentracing/contrib/opentracing-jms-1/0.1.0/opentracing-jms-1-0.1.0.jar:/Users/mzegarra/.m2/repository/io/opentracing/contrib/opentracing-jms-common/0.1.0/opentracing-jms-common-0.1.0.jar:/Users/mzegarra/.m2/repository/io/opentracing/contrib/opentracing-spring-cloud-feign-starter/0.4.0/opentracing-spring-cloud-feign-starter-0.4.0.jar:/Users/mzegarra/.m2/repository/io/github/openfeign/opentracing/feign-opentracing/0.3.0/feign-opentracing-0.3.0.jar:/Users/mzegarra/.m2/repository/io/github/openfeign/opentracing/feign-hystrix-opentracing/0.3.0/feign-hystrix-opentracing-0.3.0.jar:/Users/mzegarra/.m2/repository/io/opentracing/contrib/opentracing-spring-cloud-hystrix-starter/0.4.0/opentracing-spring-cloud-hystrix-starter-0.4.0.jar:/Users/mzegarra/.m2/repository/io/opentracing/contrib/opentracing-spring-cloud-reactor-starter/0.4.0/opentracing-spring-cloud-reactor-starter-0.4.0.jar:/Users/mzegarra/.m2/repository/io/opentracing/contrib/opentracing-reactor/0.1.0/opentracing-reactor-0.1.0.jar:/Users/mzegarra/.m2/repository/io/opentracing/contrib/opentracing-spring-cloud-rxjava-starter/0.4.0/opentracing-spring-cloud-rxjava-starter-0.4.0.jar:/Users/mzegarra/.m2/repository/io/opentracing/contrib/opentracing-rxjava-1/0.1.0/opentracing-rxjava-1-0.1.0.jar:/Users/mzegarra/.m2/repository/io/opentracing/contrib/opentracing-spring-cloud-redis-starter/0.4.0/opentracing-spring-cloud-redis-starter-0.4.0.jar:/Users/mzegarra/.m2/repository/io/opentracing/contrib/opentracing-redis-spring-data2/0.1.8/opentracing-redis-spring-data2-0.1.8.jar:/Users/mzegarra/.m2/repository/io/opentracing/contrib/opentracing-redis-common/0.1.8/opentracing-redis-common-0.1.8.jar:/Users/mzegarra/.m2/repository/io/opentracing/contrib/opentracing-spring-cloud-mongo-starter/0.4.0/opentracing-spring-cloud-mongo-starter-0.4.0.jar:/Users/mzegarra/.m2/repository/io/opentracing/contrib/opentracing-mongo-driver/0.1.2/opentracing-mongo-driver-0.1.2.jar:/Users/mzegarra/.m2/repository/io/opentracing/contrib/opentracing-mongo-common/0.1.2/opentracing-mongo-common-0.1.2.jar:/Users/mzegarra/.m2/repository/io/opentracing/contrib/opentracing-spring-cloud-websocket-starter/0.4.0/opentracing-spring-cloud-websocket-starter-0.4.0.jar:/Users/mzegarra/.m2/repository/io/opentracing/contrib/opentracing-spring-cloud-zuul-starter/0.4.0/opentracing-spring-cloud-zuul-starter-0.4.0.jar:/Users/mzegarra/.m2/repository/io/opentracing/contrib/opentracing-spring-cloud-gateway-starter/0.4.0/opentracing-spring-cloud-gateway-starter-0.4.0.jar:/Users/mzegarra/.m2/repository/io/opentracing/opentracing-api/0.32.0/opentracing-api-0.32.0.jar:"/>
    <property name="sun.cpu.endian" value="little"/>
    <property name="user.home" value="/Users/mzegarra"/>
    <property name="user.language" value="en"/>
    <property name="java.specification.vendor" value="Oracle Corporation"/>
    <property name="java.version.date" value="2020-01-14"/>
    <property name="java.home" value="/Library/Java/JavaVirtualMachines/adoptopenjdk-11.jdk/Contents/Home"/>
    <property name="file.separator" value="/"/>
    <property name="basedir" value="/usr/local/Proyectos/Galaxy/Devops202101-clientes"/>
    <property name="java.vm.compressedOopsMode" value="Zero based"/>
    <property name="line.separator" value="&#10;"/>
    <property name="java.specification.name" value="Java Platform API Specification"/>
    <property name="java.vm.specification.vendor" value="Oracle Corporation"/>
    <property name="java.awt.graphicsenv" value="sun.awt.CGraphicsEnvironment"/>
    <property name="surefire.real.class.path" value="/usr/local/Proyectos/Galaxy/Devops202101-clientes/target/surefire/surefirebooter7873767084805350635.jar"/>
    <property name="sun.management.compiler" value="HotSpot 64-Bit Tiered Compilers"/>
    <property name="ftp.nonProxyHosts" value="local|*.local|169.254/16|*.169.254/16"/>
    <property name="java.runtime.version" value="11.0.6+10"/>
    <property name="user.name" value="mzegarra"/>
    <property name="path.separator" value=":"/>
    <property name="os.version" value="10.16"/>
    <property name="java.runtime.name" value="OpenJDK Runtime Environment"/>
    <property name="file.encoding" value="UTF-8"/>
    <property name="java.vm.name" value="OpenJDK 64-Bit Server VM"/>
    <property name="java.vendor.version" value="AdoptOpenJDK"/>
    <property name="localRepository" value="/Users/mzegarra/.m2/repository"/>
    <property name="java.vendor.url.bug" value="https://github.com/AdoptOpenJDK/openjdk-support/issues"/>
    <property name="java.io.tmpdir" value="/var/folders/bj/cj2dlj612kl092p0l673ghyw0000gn/T/"/>
    <property name="java.version" value="11.0.6"/>
    <property name="user.dir" value="/usr/local/Proyectos/Galaxy/Devops202101-clientes"/>
    <property name="os.arch" value="x86_64"/>
    <property name="java.vm.specification.name" value="Java Virtual Machine Specification"/>
    <property name="java.awt.printerjob" value="sun.lwawt.macosx.CPrinterJob"/>
    <property name="sun.os.patch.level" value="unknown"/>
    <property name="java.library.path" value="/Users/mzegarra/Library/Java/Extensions:/Library/Java/Extensions:/Network/Library/Java/Extensions:/System/Library/Java/Extensions:/usr/lib/java:."/>
    <property name="java.vendor" value="AdoptOpenJDK"/>
    <property name="java.vm.info" value="mixed mode"/>
    <property name="java.vm.version" value="11.0.6+10"/>
    <property name="sun.io.unicode.encoding" value="UnicodeBig"/>
    <property name="java.class.version" value="55.0"/>
    <property name="socksNonProxyHosts" value="local|*.local|169.254/16|*.169.254/16"/>
  </properties>
  <testcase name="doPostAsync_ok" classname="com.example.lab01.controller.web.CustomerControllerTest" time="0.166">
    <error message="Request processing failed; nested exception is java.lang.NullPointerException" type="org.springframework.web.util.NestedServletException">org.springframework.web.util.NestedServletException: Request processing failed; nested exception is java.lang.NullPointerException
	at com.example.lab01.controller.web.CustomerControllerTest.doPostAsync_ok(CustomerControllerTest.java:205)
Caused by: java.lang.NullPointerException
	at com.example.lab01.controller.web.CustomerControllerTest.doPostAsync_ok(CustomerControllerTest.java:205)
</error>
    <system-out><![CDATA[02:22:58.938 [main] DEBUG org.springframework.test.context.BootstrapUtils - Instantiating CacheAwareContextLoaderDelegate from class [org.springframework.test.context.cache.DefaultCacheAwareContextLoaderDelegate]
02:22:58.958 [main] DEBUG org.springframework.test.context.BootstrapUtils - Instantiating BootstrapContext using constructor [public org.springframework.test.context.support.DefaultBootstrapContext(java.lang.Class,org.springframework.test.context.CacheAwareContextLoaderDelegate)]
02:22:58.998 [main] DEBUG org.springframework.test.context.BootstrapUtils - Instantiating TestContextBootstrapper for test class [com.example.lab01.controller.web.CustomerControllerTest] from class [org.springframework.boot.test.autoconfigure.web.servlet.WebMvcTestContextBootstrapper]
02:22:59.030 [main] DEBUG org.springframework.test.context.support.AbstractContextLoader - Did not detect default resource location for test class [com.example.lab01.controller.web.CustomerControllerTest]: class path resource [com/example/lab01/controller/web/CustomerControllerTest-context.xml] does not exist
02:22:59.031 [main] DEBUG org.springframework.test.context.support.AbstractContextLoader - Did not detect default resource location for test class [com.example.lab01.controller.web.CustomerControllerTest]: class path resource [com/example/lab01/controller/web/CustomerControllerTestContext.groovy] does not exist
02:22:59.031 [main] INFO org.springframework.test.context.support.AbstractContextLoader - Could not detect default resource locations for test class [com.example.lab01.controller.web.CustomerControllerTest]: no resource found for suffixes {-context.xml, Context.groovy}.
02:22:59.110 [main] DEBUG org.springframework.test.context.support.ActiveProfilesUtils - Could not find an 'annotation declaring class' for annotation type [org.springframework.test.context.ActiveProfiles] and class [com.example.lab01.controller.web.CustomerControllerTest]
02:22:59.112 [main] DEBUG org.springframework.boot.test.autoconfigure.web.servlet.WebMvcTestContextBootstrapper - @TestExecutionListeners is not present for class [com.example.lab01.controller.web.CustomerControllerTest]: using defaults.
02:22:59.113 [main] INFO org.springframework.boot.test.autoconfigure.web.servlet.WebMvcTestContextBootstrapper - Loaded default TestExecutionListener class names from location [META-INF/spring.factories]: [org.springframework.boot.test.mock.mockito.MockitoTestExecutionListener, org.springframework.boot.test.mock.mockito.ResetMocksTestExecutionListener, org.springframework.boot.test.autoconfigure.restdocs.RestDocsTestExecutionListener, org.springframework.boot.test.autoconfigure.web.client.MockRestServiceServerResetTestExecutionListener, org.springframework.boot.test.autoconfigure.web.servlet.MockMvcPrintOnlyOnFailureTestExecutionListener, org.springframework.boot.test.autoconfigure.web.servlet.WebDriverTestExecutionListener, org.springframework.test.context.web.ServletTestExecutionListener, org.springframework.test.context.support.DirtiesContextBeforeModesTestExecutionListener, org.springframework.test.context.support.DependencyInjectionTestExecutionListener, org.springframework.test.context.support.DirtiesContextTestExecutionListener, org.springframework.test.context.transaction.TransactionalTestExecutionListener, org.springframework.test.context.jdbc.SqlScriptsTestExecutionListener, org.springframework.test.context.event.EventPublishingTestExecutionListener]
02:22:59.137 [main] INFO org.springframework.boot.test.autoconfigure.web.servlet.WebMvcTestContextBootstrapper - Using TestExecutionListeners: [org.springframework.test.context.web.ServletTestExecutionListener@55493582, org.springframework.test.context.support.DirtiesContextBeforeModesTestExecutionListener@1a20270e, org.springframework.boot.test.mock.mockito.MockitoTestExecutionListener@6b88ca8c, org.springframework.boot.test.autoconfigure.SpringBootDependencyInjectionTestExecutionListener@336f1079, org.springframework.test.context.support.DirtiesContextTestExecutionListener@2f16c6b3, org.springframework.test.context.transaction.TransactionalTestExecutionListener@34158c08, org.springframework.test.context.jdbc.SqlScriptsTestExecutionListener@19e4fcac, org.springframework.test.context.event.EventPublishingTestExecutionListener@52c3cb31, org.springframework.boot.test.mock.mockito.ResetMocksTestExecutionListener@4b79ac84, org.springframework.boot.test.autoconfigure.restdocs.RestDocsTestExecutionListener@53941c2f, org.springframework.boot.test.autoconfigure.web.client.MockRestServiceServerResetTestExecutionListener@6dab9b6d, org.springframework.boot.test.autoconfigure.web.servlet.MockMvcPrintOnlyOnFailureTestExecutionListener@21fd5faa, org.springframework.boot.test.autoconfigure.web.servlet.WebDriverTestExecutionListener@2766ca9d]
02:22:59.141 [main] DEBUG org.springframework.test.context.support.AbstractDirtiesContextTestExecutionListener - Before test class: context [DefaultTestContext@19b93fa8 testClass = CustomerControllerTest, testInstance = [null], testMethod = [null], testException = [null], mergedContextConfiguration = [WebMergedContextConfiguration@7e6ef134 testClass = CustomerControllerTest, locations = '{}', classes = '{class com.example.lab01.controller.web.CustomerControllerTest$Configuration}', contextInitializerClasses = '[]', activeProfiles = '{}', propertySourceLocations = '{}', propertySourceProperties = '{org.springframework.boot.test.autoconfigure.web.servlet.WebMvcTestContextBootstrapper=true}', contextCustomizers = set[[ImportsContextCustomizer@1f010bf0 key = [org.springframework.boot.autoconfigure.cache.CacheAutoConfiguration, org.springframework.boot.autoconfigure.context.MessageSourceAutoConfiguration, org.springframework.boot.autoconfigure.data.web.SpringDataWebAutoConfiguration, org.springframework.boot.autoconfigure.freemarker.FreeMarkerAutoConfiguration, org.springframework.boot.autoconfigure.groovy.template.GroovyTemplateAutoConfiguration, org.springframework.boot.autoconfigure.gson.GsonAutoConfiguration, org.springframework.boot.autoconfigure.hateoas.HypermediaAutoConfiguration, org.springframework.boot.autoconfigure.http.HttpMessageConvertersAutoConfiguration, org.springframework.boot.autoconfigure.jackson.JacksonAutoConfiguration, org.springframework.boot.autoconfigure.jsonb.JsonbAutoConfiguration, org.springframework.boot.autoconfigure.mustache.MustacheAutoConfiguration, org.springframework.boot.autoconfigure.task.TaskExecutionAutoConfiguration, org.springframework.boot.autoconfigure.thymeleaf.ThymeleafAutoConfiguration, org.springframework.boot.autoconfigure.validation.ValidationAutoConfiguration, org.springframework.boot.autoconfigure.web.servlet.error.ErrorMvcAutoConfiguration, org.springframework.boot.autoconfigure.web.servlet.WebMvcAutoConfiguration, org.springframework.boot.test.autoconfigure.web.servlet.MockMvcAutoConfiguration, org.springframework.boot.test.autoconfigure.web.servlet.MockMvcWebClientAutoConfiguration, org.springframework.boot.test.autoconfigure.web.servlet.MockMvcWebDriverAutoConfiguration, org.springframework.boot.autoconfigure.security.servlet.SecurityAutoConfiguration, org.springframework.boot.autoconfigure.security.servlet.UserDetailsServiceAutoConfiguration, org.springframework.boot.test.autoconfigure.web.servlet.MockMvcSecurityConfiguration]], org.springframework.boot.test.context.filter.ExcludeFilterContextCustomizer@7fbdb894, org.springframework.boot.test.json.DuplicateJsonObjectContextCustomizerFactory$DuplicateJsonObjectContextCustomizer@6e005dc9, org.springframework.boot.test.mock.mockito.MockitoContextCustomizer@ae9bee66, org.springframework.boot.test.autoconfigure.OverrideAutoConfigurationContextCustomizerFactory$DisableAutoConfigurationContextCustomizer@1e44b638, org.springframework.boot.test.autoconfigure.filter.TypeExcludeFiltersContextCustomizer@f4028ed9, org.springframework.boot.test.autoconfigure.properties.PropertyMappingContextCustomizer@f2ebe090, org.springframework.boot.test.autoconfigure.web.servlet.WebDriverContextCustomizerFactory$Customizer@146dfe6], resourceBasePath = 'src/main/webapp', contextLoader = 'org.springframework.boot.test.context.SpringBootContextLoader', parent = [null]], attributes = map[[empty]]], class annotated with @DirtiesContext [false] with mode [null].
02:22:59.292 [main] DEBUG org.springframework.test.context.support.TestPropertySourceUtils - Adding inlined properties to environment: {spring.jmx.enabled=false, org.springframework.boot.test.autoconfigure.web.servlet.WebMvcTestContextBootstrapper=true, server.port=-1}
2021-02-06 02:23:00.080  INFO 26400 --- [           main] trationDelegate$BeanPostProcessorChecker : Bean 'org.springframework.cloud.autoconfigure.ConfigurationPropertiesRebinderAutoConfiguration' of type [org.springframework.cloud.autoconfigure.ConfigurationPropertiesRebinderAutoConfiguration] is not eligible for getting processed by all BeanPostProcessors (for example: not eligible for auto-proxying)

  .   ____          _            __ _ _
 /\\ / ___'_ __ _ _(_)_ __  __ _ \ \ \ \
( ( )\___ | '_ | '_| | '_ \/ _` | \ \ \ \
 \\/  ___)| |_)| | | | | || (_| |  ) ) ) )
  '  |____| .__|_| |_|_| |_\__, | / / / /
 =========|_|==============|___/=/_/_/_/
 :: Spring Boot ::        (v2.2.1.RELEASE)

2021-02-06 02:23:00.236  WARN 26400 --- [           main] c.c.c.ConfigServicePropertySourceLocator : Could not locate PropertySource: Invalid URL: ''
2021-02-06 02:23:00.247  INFO 26400 --- [           main] c.e.l.c.web.CustomerControllerTest       : No active profile set, falling back to default profiles: default
2021-02-06 02:23:01.296  INFO 26400 --- [           main] o.s.s.concurrent.ThreadPoolTaskExecutor  : Initializing ExecutorService 'applicationTaskExecutor'
2021-02-06 02:23:01.553  INFO 26400 --- [           main] o.s.b.t.m.w.SpringBootMockServletContext : Initializing Spring TestDispatcherServlet ''
2021-02-06 02:23:01.553  INFO 26400 --- [           main] o.s.t.web.servlet.TestDispatcherServlet  : Initializing Servlet ''
2021-02-06 02:23:01.564  INFO 26400 --- [           main] o.s.t.web.servlet.TestDispatcherServlet  : Completed initialization in 11 ms
2021-02-06 02:23:01.586  INFO 26400 --- [           main] c.e.l.c.web.CustomerControllerTest       : Started CustomerControllerTest in 2.281 seconds (JVM running for 3.458)
]]></system-out>
  </testcase>
  <testcase name="doPostSync_ok" classname="com.example.lab01.controller.web.CustomerControllerTest" time="0.029"/>
  <testcase name="doDeleteAsync_Error_NotFound" classname="com.example.lab01.controller.web.CustomerControllerTest" time="0.008"/>
  <testcase name="doPutSync_ok" classname="com.example.lab01.controller.web.CustomerControllerTest" time="0.007"/>
  <testcase name="doGet_error" classname="com.example.lab01.controller.web.CustomerControllerTest" time="0.008"/>
  <testcase name="doPutAsync_ok" classname="com.example.lab01.controller.web.CustomerControllerTest" time="0.006">
    <error message="Request processing failed; nested exception is java.lang.NullPointerException" type="org.springframework.web.util.NestedServletException">org.springframework.web.util.NestedServletException: Request processing failed; nested exception is java.lang.NullPointerException
	at com.example.lab01.controller.web.CustomerControllerTest.doPutAsync_ok(CustomerControllerTest.java:269)
Caused by: java.lang.NullPointerException
	at com.example.lab01.controller.web.CustomerControllerTest.doPutAsync_ok(CustomerControllerTest.java:269)
</error>
  </testcase>
  <testcase name="doGet_ok" classname="com.example.lab01.controller.web.CustomerControllerTest" time="0.053"/>
  <testcase name="doDeleteAsync_ok" classname="com.example.lab01.controller.web.CustomerControllerTest" time="0.004">
    <error message="Request processing failed; nested exception is java.lang.NullPointerException" type="org.springframework.web.util.NestedServletException">org.springframework.web.util.NestedServletException: Request processing failed; nested exception is java.lang.NullPointerException
	at com.example.lab01.controller.web.CustomerControllerTest.doDeleteAsync_ok(CustomerControllerTest.java:296)
Caused by: java.lang.NullPointerException
	at com.example.lab01.controller.web.CustomerControllerTest.doDeleteAsync_ok(CustomerControllerTest.java:296)
</error>
  </testcase>
  <testcase name="doGetById_ok" classname="com.example.lab01.controller.web.CustomerControllerTest" time="0.005"/>
  <testcase name="doGetById_error404" classname="com.example.lab01.controller.web.CustomerControllerTest" time="0.005"/>
</testsuite>